<?xml version="1.0" encoding="UTF-8"?>
<!-- Generated by org.testng.reporters.JUnitXMLReporter -->
<testsuite ignored="0" hostname="LAPTOP-93HFHMTN" failures="1" tests="5" name="TestNG" time="0.893" errors="0" timestamp="2021-07-18T18:41:55 IST">
  <testcase classname="testbase.TestBase" name="@BeforeMethod beforeTest" time="0.001">
    <failure type="java.io.FileNotFoundException" message="C:\Users\shash\eclipse-workspace\SeleniumJune\src\main\resources\config.properties (The system cannot find the file specified)">
      <![CDATA[java.io.FileNotFoundException: C:\Users\shash\eclipse-workspace\SeleniumJune\src\main\resources\config.properties (The system cannot find the file specified)
at java.base/java.io.FileInputStream.open0(Native Method)
at java.base/java.io.FileInputStream.open(FileInputStream.java:211)
at java.base/java.io.FileInputStream.<init>(FileInputStream.java:153)
at java.base/java.io.FileInputStream.<init>(FileInputStream.java:108)
at testbase.TestBase.beforeTest(TestBase.java:42)
at java.base/java.util.ArrayList.forEach(ArrayList.java:1511)
... Removed 31 stack frames]]>
    </failure>
  </testcase> <!-- @BeforeMethod beforeTest -->
  <testcase classname="testbase.TestBase" name="@AfterMethod afterTest" time="-1.626613914958E9">
    <skipped/>
  </testcase> <!-- @AfterMethod afterTest -->
  <testcase classname="testbase.TestBase" name="@BeforeMethod beforeTest" time="-1.62661391497E9">
    <skipped/>
  </testcase> <!-- @BeforeMethod beforeTest -->
  <testcase classname="testbase.TestBase" name="@AfterMethod afterTest" time="-1.626613914979E9">
    <skipped/>
  </testcase> <!-- @AfterMethod afterTest -->
  <testcase classname="testbase.TestBase" name="@BeforeMethod beforeTest" time="-1.626613914982E9">
    <skipped/>
  </testcase> <!-- @BeforeMethod beforeTest -->
  <testcase classname="testbase.TestBase" name="@AfterMethod afterTest" time="-1.626613914998E9">
    <skipped/>
  </testcase> <!-- @AfterMethod afterTest -->
  <testcase classname="testbase.TestBase" name="@BeforeMethod beforeTest" time="-1.626613915002E9">
    <skipped/>
  </testcase> <!-- @BeforeMethod beforeTest -->
  <testcase classname="testbase.TestBase" name="@AfterMethod afterTest" time="-1.62661391501E9">
    <skipped/>
  </testcase> <!-- @AfterMethod afterTest -->
  <testcase classname="june27.LoginToApp" name="Login" time="0.0">
    <skipped/>
  </testcase> <!-- Login -->
  <testcase classname="june27.LoginToApp" name="login2" time="0.0">
    <failure type="org.testng.TestNGException" message="
Parameter &amp;apos;username&amp;apos; is required by @Test on method login2 but has not been marked @Optional or defined
in C:\Users\shash\eclipse-workspace\SeleniumJune\testng.listener.xml">
      <![CDATA[org.testng.TestNGException: 
Parameter 'username' is required by @Test on method login2 but has not been marked @Optional or defined
in C:\Users\shash\eclipse-workspace\SeleniumJune\testng.listener.xml
at java.base/java.util.ArrayList.forEach(ArrayList.java:1511)
... Removed 26 stack frames]]>
    </failure>
  </testcase> <!-- login2 -->
  <testcase classname="june27.LoginToApp" name="login3UsingExcel" time="0.0">
    <skipped/>
  </testcase> <!-- login3UsingExcel -->
  <testcase classname="june27.LoginToApp" name="search" time="0.0">
    <skipped/>
  </testcase> <!-- search -->
  <testcase classname="june27.LoginToApp" name="verifyContactUs" time="0.0">
    <skipped/>
  </testcase> <!-- verifyContactUs -->
</testsuite> <!-- TestNG -->
