<?xml version="1.0" encoding="UTF-8"?>
<!-- Generated by org.testng.reporters.JUnitXMLReporter -->
<testsuite ignored="2" hostname="LAPTOP-93HFHMTN" failures="1" tests="6" name="Test" time="1.024" errors="0" timestamp="2021-07-18T18:40:52 IST">
  <testcase classname="testbase.TestBase" name="@BeforeMethod beforeTest" time="0.002">
    <failure type="java.io.FileNotFoundException" message="C:\Users\shash\eclipse-workspace\SeleniumJune\src\main\resources\config.properties (The system cannot find the file specified)">
      <![CDATA[java.io.FileNotFoundException: C:\Users\shash\eclipse-workspace\SeleniumJune\src\main\resources\config.properties (The system cannot find the file specified)
at java.base/java.io.FileInputStream.open0(Native Method)
at java.base/java.io.FileInputStream.open(FileInputStream.java:211)
at java.base/java.io.FileInputStream.<init>(FileInputStream.java:153)
at java.base/java.io.FileInputStream.<init>(FileInputStream.java:108)
at testbase.TestBase.beforeTest(TestBase.java:42)
at java.base/java.util.ArrayList.forEach(ArrayList.java:1511)
... Removed 31 stack frames]]>
    </failure>
  </testcase> <!-- @BeforeMethod beforeTest -->
  <testcase classname="testbase.TestBase" name="@AfterMethod afterTest" time="-1.626613851561E9">
    <skipped/>
  </testcase> <!-- @AfterMethod afterTest -->
  <testcase classname="testbase.TestBase" name="@BeforeMethod beforeTest" time="0.0">
    <failure type="java.io.FileNotFoundException" message="C:\Users\shash\eclipse-workspace\SeleniumJune\src\main\resources\config.properties (The system cannot find the file specified)">
      <![CDATA[java.io.FileNotFoundException: C:\Users\shash\eclipse-workspace\SeleniumJune\src\main\resources\config.properties (The system cannot find the file specified)
at java.base/java.io.FileInputStream.open0(Native Method)
at java.base/java.io.FileInputStream.open(FileInputStream.java:211)
at java.base/java.io.FileInputStream.<init>(FileInputStream.java:153)
at java.base/java.io.FileInputStream.<init>(FileInputStream.java:108)
at testbase.TestBase.beforeTest(TestBase.java:42)
at java.base/java.util.ArrayList.forEach(ArrayList.java:1511)
... Removed 31 stack frames]]>
    </failure>
  </testcase> <!-- @BeforeMethod beforeTest -->
  <testcase classname="testbase.TestBase" name="@AfterMethod afterTest" time="-1.626613851576E9">
    <skipped/>
  </testcase> <!-- @AfterMethod afterTest -->
  <testcase classname="testbase.TestBase" name="@BeforeMethod beforeTest" time="-1.626613851592E9">
    <skipped/>
  </testcase> <!-- @BeforeMethod beforeTest -->
  <testcase classname="testbase.TestBase" name="@AfterMethod afterTest" time="-1.626613851601E9">
    <skipped/>
  </testcase> <!-- @AfterMethod afterTest -->
  <testcase classname="testbase.TestBase" name="@BeforeMethod beforeTest" time="-1.626613851604E9">
    <skipped/>
  </testcase> <!-- @BeforeMethod beforeTest -->
  <testcase classname="testbase.TestBase" name="@AfterMethod afterTest" time="-1.626613851612E9">
    <skipped/>
  </testcase> <!-- @AfterMethod afterTest -->
  <testcase classname="testbase.TestBase" name="@BeforeMethod beforeTest" time="-1.626613851615E9">
    <skipped/>
  </testcase> <!-- @BeforeMethod beforeTest -->
  <testcase classname="testbase.TestBase" name="@AfterMethod afterTest" time="-1.626613851622E9">
    <skipped/>
  </testcase> <!-- @AfterMethod afterTest -->
  <testcase classname="june27.CreateAccountTestcase" name="createAccount" time="0.0">
    <skipped/>
  </testcase> <!-- createAccount -->
  <testcase classname="june27.LoginToApp" name="Login" time="0.0">
    <skipped/>
  </testcase> <!-- Login -->
  <testcase classname="june27.LoginToApp" name="login2" time="0.0">
    <failure type="org.testng.TestNGException" message="
Parameter &amp;apos;username&amp;apos; is required by @Test on method login2 but has not been marked @Optional or defined
in C:\Users\shash\eclipse-workspace\SeleniumJune\testng-login.xml">
      <![CDATA[org.testng.TestNGException: 
Parameter 'username' is required by @Test on method login2 but has not been marked @Optional or defined
in C:\Users\shash\eclipse-workspace\SeleniumJune\testng-login.xml
at java.base/java.util.ArrayList.forEach(ArrayList.java:1511)
... Removed 26 stack frames]]>
    </failure>
  </testcase> <!-- login2 -->
  <testcase classname="june27.LoginToApp" name="login3UsingExcel" time="0.0">
    <skipped/>
  </testcase> <!-- login3UsingExcel -->
  <testcase classname="june27.LoginToApp" name="search" time="0.0">
    <skipped/>
  </testcase> <!-- search -->
  <testcase classname="june27.LoginToApp" name="verifyContactUs" time="0.0">
    <skipped/>
  </testcase> <!-- verifyContactUs -->
  <testcase classname="testbase.TestBase" name="@BeforeTest testbefore" time="0.0">
    <ignored/>
  </testcase> <!-- @BeforeTest testbefore -->
  <testcase classname="testbase.TestBase" name="@AfterTest testafter" time="0.0">
    <ignored/>
  </testcase> <!-- @AfterTest testafter -->
</testsuite> <!-- Test -->
